srun ../bin/hydro ../input/input_high_res.nml ../output/output-high
Walltime [s]:           12998.8428
python animate.py -d=../output/output-high --all-cores
72 cpus found
reading image data from ../output/output-high and saving to png...
converting to animation in ../output/output-high/animation.gif
ffmpeg -i ../output/output-high/frame_%5d.png -loglevel error -y -nostats -vf scale=200:-1 ../output/output-high/animation.gif
time needed for read/write pngs: 8744.67s
time needed for converting: 190.48s
wall time: 8973.79s
 
Batch Job Summary Report for Job "high_res" (7962572) on daint
-----------------------------------------------------------------------------------------------------
             Submit            Eligible               Start                 End    Elapsed  Timelimit 
------------------- ------------------- ------------------- ------------------- ---------- ---------- 
2018-06-10T20:02:46 2018-06-10T20:02:46 2018-06-10T20:22:32 2018-06-11T02:30:08   06:07:36 1-00:00:00 
-----------------------------------------------------------------------------------------------------
Username    Account     Partition   NNodes   Energy
----------  ----------  ----------  ------  --------------
course01    uzh8        normal          13   49.16M joules
 
This job did not utilize any GPUs
 
----------------------------------------------------------
Scratch File System        Files       Quota
--------------------  ----------  ----------
/scratch/snx3000          640426     1000000
 
